<?xml version="1.0" encoding="UTF-8"?>
<!-- Generated by org.testng.reporters.JUnitReportReporter -->
<testsuite hostname="LAPTOP-U6AJGE7L" failures="0" tests="3" name="visit.ictkerala.pages.AddNewVisit_TestSuite" time="10.724" errors="0" timestamp="2024-11-22T11:14:57 IST" skipped="0">
  <testcase classname="visit.ictkerala.pages.AddNewVisit_TestSuite" name="show_AddNewVisitButton" time="0.768"/>
  <testcase classname="visit.ictkerala.pages.AddNewVisit_TestSuite" name="click_AddNewVisitButton" time="0.138"/>
  <testcase classname="visit.ictkerala.pages.AddNewVisit_TestSuite" name="addVisit_NewPage" time="9.818"/>
</testsuite> <!-- visit.ictkerala.pages.AddNewVisit_TestSuite -->
