<?xml version="1.0" encoding="UTF-8"?>
<!-- Generated by org.testng.reporters.JUnitReportReporter -->
<testsuite hostname="LAPTOP-U6AJGE7L" failures="0" tests="8" name="visit.ictkerala.pages.HomePage_TestSuite" time="0.453" errors="0" timestamp="2024-11-22T11:13:14 IST" skipped="0">
  <testcase classname="visit.ictkerala.pages.HomePage_TestSuite" name="postValidateUrl" time="0.036"/>
  <testcase classname="visit.ictkerala.pages.HomePage_TestSuite" name="postValidateWelcomeHomePage" time="0.068"/>
  <testcase classname="visit.ictkerala.pages.HomePage_TestSuite" name="postValidateIctkLogo" time="0.062"/>
  <testcase classname="visit.ictkerala.pages.HomePage_TestSuite" name="postValidateWelcomeBackMsg" time="0.051"/>
  <testcase classname="visit.ictkerala.pages.HomePage_TestSuite" name="postValidateUserID" time="0.033"/>
  <testcase classname="visit.ictkerala.pages.HomePage_TestSuite" name="postValidatePassword" time="0.026"/>
  <testcase classname="visit.ictkerala.pages.HomePage_TestSuite" name="postValidateForgotPasswordLink" time="0.042"/>
  <testcase classname="visit.ictkerala.pages.HomePage_TestSuite" name="postValidateLoginbutton" time="0.135"/>
</testsuite> <!-- visit.ictkerala.pages.HomePage_TestSuite -->
