<?xml version="1.0" encoding="UTF-8"?>
<!-- Generated by org.testng.reporters.JUnitReportReporter -->
<testsuite hostname="LAPTOP-U6AJGE7L" failures="0" tests="5" name="visit.ictkerala.pages.MileStone_TestSuite" time="4.708" errors="0" timestamp="2024-11-22T11:13:52 IST" skipped="0">
  <testcase classname="visit.ictkerala.pages.MileStone_TestSuite" name="post_MileStoneAvailable" time="0.788"/>
  <testcase classname="visit.ictkerala.pages.MileStone_TestSuite" name="select_OrganisationType" time="1.347"/>
  <testcase classname="visit.ictkerala.pages.MileStone_TestSuite" name="select_Organisation" time="1.217"/>
  <testcase classname="visit.ictkerala.pages.MileStone_TestSuite" name="click_GoButton" time="1.140"/>
  <testcase classname="visit.ictkerala.pages.MileStone_TestSuite" name="MileStoneResult_validation" time="0.216"/>
</testsuite> <!-- visit.ictkerala.pages.MileStone_TestSuite -->
