<?xml version="1.0" encoding="UTF-8"?>
<!-- Generated by org.testng.reporters.JUnitReportReporter -->
<testsuite hostname="LAPTOP-U6AJGE7L" failures="0" tests="3" name="visit.ictkerala.pages.HomePage_UserLogin" time="3.825" errors="0" timestamp="2024-11-22T11:13:31 IST" skipped="0">
  <testcase classname="visit.ictkerala.pages.HomePage_UserLogin" name="postUserLoginLogout_Manager" time="1.482"/>
  <testcase classname="visit.ictkerala.pages.HomePage_UserLogin" name="postUserLoginLogout_Associate_One" time="1.231"/>
  <testcase classname="visit.ictkerala.pages.HomePage_UserLogin" name="postUserLoginLogout_Associate_Two" time="1.112"/>
</testsuite> <!-- visit.ictkerala.pages.HomePage_UserLogin -->
