<?xml version="1.0" encoding="UTF-8"?>
<!-- Generated by org.testng.reporters.JUnitReportReporter -->
<testsuite hostname="LAPTOP-U6AJGE7L" failures="0" tests="7" name="visit.ictkerala.pages.Dashboard_TestSuite" time="2.228" errors="0" timestamp="2024-11-22T11:14:10 IST" skipped="0">
  <testcase classname="visit.ictkerala.pages.Dashboard_TestSuite" name="postValidateDashBoard_PageHeader" time="0.781"/>
  <testcase classname="visit.ictkerala.pages.Dashboard_TestSuite" name="postValidateDashBoard_TotalVisits" time="0.051"/>
  <testcase classname="visit.ictkerala.pages.Dashboard_TestSuite" name="postValidateDashBoard_UpcomingVisits" time="0.046"/>
  <testcase classname="visit.ictkerala.pages.Dashboard_TestSuite" name="postValidateDashBoard_OrgStatistics" time="0.029"/>
  <testcase classname="visit.ictkerala.pages.Dashboard_TestSuite" name="postValidateDashBoard_VisitView" time="0.032"/>
  <testcase classname="visit.ictkerala.pages.Dashboard_TestSuite" name="postValidateDashBoard_UpcomingVisit_Table" time="0.040"/>
  <testcase classname="visit.ictkerala.pages.Dashboard_TestSuite" name="postValidateDashboard_ColumnRow_Intitutions" time="1.249"/>
</testsuite> <!-- visit.ictkerala.pages.Dashboard_TestSuite -->
